<?xml version="1.0" encoding="UTF-8"?>
<!-- Generated by org.testng.reporters.JUnitReportReporter -->
<testsuite hostname="Balagopal" failures="0" tests="1" name="PageTest" time="4.223" errors="0" timestamp="2021-05-30T22:13:54 IST" skipped="0">
  <testcase classname="PageTest" name="testmethod" time="4.223"/>
  <system-out/>
</testsuite> <!-- PageTest -->
